<?xml version="1.0" encoding="UTF-8"?>
<testsuite xmlns:xsi="http://www.w3.org/2001/XMLSchema-instance" xsi:noNamespaceSchemaLocation="https://maven.apache.org/surefire/maven-surefire-plugin/xsd/surefire-test-report.xsd" name="calculator.AppTest" time="0.518" tests="5" errors="0" skipped="0" failures="0">
  <properties>
[...]
</properties>
  <testcase name="testPower" classname="calculator.AppTest" time="0.005"/>
  <testcase name="testAddPositive" classname="calculator.AppTest" time="0"/>
  <testcase name="testAddNegative" classname="calculator.AppTest" time="0"/>
  <testcase name="testNaturalLog" classname="calculator.AppTest" time="0"/>
  <testcase name="testSquareRoot" classname="calculator.AppTest" time="0"/>
</testsuite>